<?xml version="1.0" encoding="UTF-8"?>
<!-- Generated by org.testng.reporters.JUnitReportReporter -->
<testsuite hostname="Harry" failures="0" tests="1" name="com.myntrajio.RegisterTest.RegisterTest" time="10.453" errors="0" timestamp="2024-09-02T17:14:27 IST" skipped="0">
  <testcase classname="com.myntrajio.RegisterTest.RegisterTest" name="registerValidData" time="10.453"/>
  <system-out>
    <![CDATA[Register With Valid Data Sucess]]>
  </system-out>
</testsuite> <!-- com.myntrajio.RegisterTest.RegisterTest -->
