<?xml version="1.0" encoding="UTF-8"?>
<!-- Generated by org.testng.reporters.JUnitReportReporter -->
<testsuite hostname="Harry" failures="0" tests="4" name="com.myntrajio.RegisterTest.RegisterTest" time="10.085" errors="0" timestamp="2024-09-11T16:44:41 IST" skipped="0">
  <testcase classname="com.myntrajio.RegisterTest.RegisterTest" name="registerValidData" time="10.067"/>
  <system-out>
    <![CDATA[Register With Valid Data Sucess]]>
  </system-out>
  <testcase classname="com.myntrajio.RegisterTest.RegisterTest" name="validateRegisterButtonColor" time="0.007"/>
  <system-out>
    <![CDATA[RegisterButtonColor Validated ]]>
  </system-out>
  <testcase classname="com.myntrajio.RegisterTest.RegisterTest" name="validateRegisterButtonSize" time="0.005"/>
  <system-out>
    <![CDATA[RegisterButtonSize Validated ]]>
  </system-out>
  <testcase classname="com.myntrajio.RegisterTest.RegisterTest" name="validateRegisterButtonPosition" time="0.006"/>
  <system-out>
    <![CDATA[RegisterButtonPositionValidated ]]>
  </system-out>
</testsuite> <!-- com.myntrajio.RegisterTest.RegisterTest -->
