<?xml version="1.0" encoding="UTF-8"?>
<!-- Generated by org.testng.reporters.JUnitReportReporter -->
<testsuite hostname="Harry" failures="0" tests="1" name="com.myntrajio.RegisterTest.Register1Test" time="0.020" errors="0" timestamp="2024-09-09T16:14:11 IST" skipped="0">
  <testcase classname="com.myntrajio.RegisterTest.Register1Test" name="validateRegisterButton" time="0.020"/>
  <system-out>
    <![CDATA[sijfoasj]]>
  </system-out>
</testsuite> <!-- com.myntrajio.RegisterTest.Register1Test -->
