<?xml version="1.0" encoding="UTF-8"?>
<!-- Generated by org.testng.reporters.JUnitReportReporter -->
<testsuite hostname="Harry" failures="0" tests="2" name="com.myntrajio.RegisterTest.RegisterValidate1Test" time="0.039" errors="0" timestamp="2024-09-09T16:48:01 IST" skipped="0">
  <testcase classname="com.myntrajio.RegisterTest.RegisterValidate1Test" name="validateRegisterButton2" time="0.005"/>
  <system-out>
    <![CDATA[sijfoasj]]>
  </system-out>
  <testcase classname="com.myntrajio.RegisterTest.RegisterValidate1Test" name="validateRegisterButton" time="0.034"/>
  <system-out>
    <![CDATA[sijfoasj]]>
  </system-out>
</testsuite> <!-- com.myntrajio.RegisterTest.RegisterValidate1Test -->
